
*** Running vivado
    with args -log VGAController.vds -m64 -product Vivado -mode batch -messageDb vivado.pb -notrace -source VGAController.tcl



****** Vivado v2020.1 (64-bit)
  **** SW Build 2902540 on Wed May 27 19:54:49 MDT 2020
  **** IP Build 2902112 on Wed May 27 22:43:36 MDT 2020
    ** Copyright 1986-2020 Xilinx, Inc. All Rights Reserved.

source VGAController.tcl -notrace
Command: synth_design -top VGAController -part xc7a100tcsg324-1
Starting synth_design
Attempting to get a license for feature 'Synthesis' and/or device 'xc7a100t'
INFO: [Common 17-349] Got license for feature 'Synthesis' and/or device 'xc7a100t'
INFO: [Device 21-403] Loading part xc7a100tcsg324-1
INFO: [Synth 8-7079] Multithreading enabled for synth_design using a maximum of 2 processes.
INFO: [Synth 8-7078] Launching helper process for spawning children vivado processes
INFO: [Synth 8-7075] Helper process launched with PID 34500
WARNING: [Synth 8-6901] identifier 'regA' is used before its declaration [C:/Users/caryp/Desktop/Important Shit/ECE350/Final Project/strum/strum/Wrapper.v:34]
WARNING: [Synth 8-2254] instance name 'not_B' matches net/port name [C:/Users/caryp/Desktop/Important Shit/ECE350/Final Project/strum/strum/alu.v:13]
WARNING: [Synth 8-2254] instance name 'A_B_same_sign' matches net/port name [C:/Users/caryp/Desktop/Important Shit/ECE350/Final Project/strum/strum/alu.v:22]
WARNING: [Synth 8-2254] instance name 'A_B_match_out' matches net/port name [C:/Users/caryp/Desktop/Important Shit/ECE350/Final Project/strum/strum/alu.v:23]
WARNING: [Synth 8-2254] instance name 'B_pos' matches net/port name [C:/Users/caryp/Desktop/Important Shit/ECE350/Final Project/strum/strum/alu.v:32]
WARNING: [Synth 8-2254] instance name 'less_than_0' matches net/port name [C:/Users/caryp/Desktop/Important Shit/ECE350/Final Project/strum/strum/alu.v:33]
WARNING: [Synth 8-2254] instance name 'less_than_1' matches net/port name [C:/Users/caryp/Desktop/Important Shit/ECE350/Final Project/strum/strum/alu.v:34]
WARNING: [Synth 8-2254] instance name 'less_than_2' matches net/port name [C:/Users/caryp/Desktop/Important Shit/ECE350/Final Project/strum/strum/alu.v:35]
WARNING: [Synth 8-2254] instance name 'overflow_pos' matches net/port name [C:/Users/caryp/Desktop/Important Shit/ECE350/Final Project/strum/strum/booth_mult.v:33]
WARNING: [Synth 8-2254] instance name 'overflow_neg' matches net/port name [C:/Users/caryp/Desktop/Important Shit/ECE350/Final Project/strum/strum/booth_mult.v:40]
WARNING: [Synth 8-2254] instance name 'pos_pos' matches net/port name [C:/Users/caryp/Desktop/Important Shit/ECE350/Final Project/strum/strum/booth_mult.v:42]
WARNING: [Synth 8-2254] instance name 'neg_neg' matches net/port name [C:/Users/caryp/Desktop/Important Shit/ECE350/Final Project/strum/strum/booth_mult.v:43]
WARNING: [Synth 8-2254] instance name 'pos_neg' matches net/port name [C:/Users/caryp/Desktop/Important Shit/ECE350/Final Project/strum/strum/booth_mult.v:46]
WARNING: [Synth 8-2254] instance name 'neg_pos' matches net/port name [C:/Users/caryp/Desktop/Important Shit/ECE350/Final Project/strum/strum/booth_mult.v:47]
WARNING: [Synth 8-2254] instance name 'overflow' matches net/port name [C:/Users/caryp/Desktop/Important Shit/ECE350/Final Project/strum/strum/booth_mult.v:50]
WARNING: [Synth 8-2254] instance name 'q_not' matches net/port name [C:/Users/caryp/Desktop/Important Shit/ECE350/Final Project/strum/strum/dffe_ref.v:32]
WARNING: [Synth 8-2254] instance name 'inverted_multiplicand' matches net/port name [C:/Users/caryp/Desktop/Important Shit/ECE350/Final Project/strum/strum/mult_control.v:14]
WARNING: [Synth 8-2254] instance name 'carry_in' matches net/port name [C:/Users/caryp/Desktop/Important Shit/ECE350/Final Project/strum/strum/mult_control.v:17]
WARNING: [Synth 8-2254] instance name 'initial_cycle' matches net/port name [C:/Users/caryp/Desktop/Important Shit/ECE350/Final Project/strum/strum/mult_control.v:24]
WARNING: [Synth 8-2254] instance name 'mult_ready' matches net/port name [C:/Users/caryp/Desktop/Important Shit/ECE350/Final Project/strum/strum/multdiv.v:27]
WARNING: [Synth 8-2254] instance name 'div_ready' matches net/port name [C:/Users/caryp/Desktop/Important Shit/ECE350/Final Project/strum/strum/multdiv.v:28]
WARNING: [Synth 8-2254] instance name 'not_in' matches net/port name [C:/Users/caryp/Desktop/Important Shit/ECE350/Final Project/strum/strum/one_hot_decoder.v:8]
WARNING: [Synth 8-2254] instance name 'XM_rd_equals_DX_rs' matches net/port name [C:/Users/caryp/Desktop/Important Shit/ECE350/Final Project/strum/strum/processor.v:191]
WARNING: [Synth 8-2254] instance name 'MW_rd_equals_DX_rs' matches net/port name [C:/Users/caryp/Desktop/Important Shit/ECE350/Final Project/strum/strum/processor.v:192]
WARNING: [Synth 8-2254] instance name 'XM_rd_equals_DX_rt' matches net/port name [C:/Users/caryp/Desktop/Important Shit/ECE350/Final Project/strum/strum/processor.v:216]
WARNING: [Synth 8-2254] instance name 'MW_rd_equals_DX_rt' matches net/port name [C:/Users/caryp/Desktop/Important Shit/ECE350/Final Project/strum/strum/processor.v:217]
WARNING: [Synth 8-2254] instance name 'XM_rd_equals_MW_rd' matches net/port name [C:/Users/caryp/Desktop/Important Shit/ECE350/Final Project/strum/strum/processor.v:300]
WARNING: [Synth 8-2254] instance name 'XM_rd_equals_MW_rs' matches net/port name [C:/Users/caryp/Desktop/Important Shit/ECE350/Final Project/strum/strum/processor.v:301]
WARNING: [Synth 8-6901] identifier 'decode_r_type' is used before its declaration [C:/Users/caryp/Desktop/Important Shit/ECE350/Final Project/strum/strum/processor.v:73]
WARNING: [Synth 8-6901] identifier 'decode_addi' is used before its declaration [C:/Users/caryp/Desktop/Important Shit/ECE350/Final Project/strum/strum/processor.v:73]
WARNING: [Synth 8-6901] identifier 'decode_lw' is used before its declaration [C:/Users/caryp/Desktop/Important Shit/ECE350/Final Project/strum/strum/processor.v:73]
WARNING: [Synth 8-6901] identifier 'decode_sw' is used before its declaration [C:/Users/caryp/Desktop/Important Shit/ECE350/Final Project/strum/strum/processor.v:73]
WARNING: [Synth 8-6901] identifier 'FD_out' is used before its declaration [C:/Users/caryp/Desktop/Important Shit/ECE350/Final Project/strum/strum/processor.v:75]
WARNING: [Synth 8-6901] identifier 'FD_out' is used before its declaration [C:/Users/caryp/Desktop/Important Shit/ECE350/Final Project/strum/strum/processor.v:76]
WARNING: [Synth 8-6901] identifier 'FD_out' is used before its declaration [C:/Users/caryp/Desktop/Important Shit/ECE350/Final Project/strum/strum/processor.v:77]
WARNING: [Synth 8-6901] identifier 'DX_out' is used before its declaration [C:/Users/caryp/Desktop/Important Shit/ECE350/Final Project/strum/strum/processor.v:77]
WARNING: [Synth 8-6901] identifier 'FD_out' is used before its declaration [C:/Users/caryp/Desktop/Important Shit/ECE350/Final Project/strum/strum/processor.v:78]
WARNING: [Synth 8-6901] identifier 'DX_out' is used before its declaration [C:/Users/caryp/Desktop/Important Shit/ECE350/Final Project/strum/strum/processor.v:78]
WARNING: [Synth 8-6901] identifier 'decode_r_type' is used before its declaration [C:/Users/caryp/Desktop/Important Shit/ECE350/Final Project/strum/strum/processor.v:81]
WARNING: [Synth 8-6901] identifier 'execute_lw' is used before its declaration [C:/Users/caryp/Desktop/Important Shit/ECE350/Final Project/strum/strum/processor.v:83]
WARNING: [Synth 8-6901] identifier 'DX_out' is used before its declaration [C:/Users/caryp/Desktop/Important Shit/ECE350/Final Project/strum/strum/processor.v:95]
WARNING: [Synth 8-6901] identifier 'memory_setx' is used before its declaration [C:/Users/caryp/Desktop/Important Shit/ECE350/Final Project/strum/strum/processor.v:95]
WARNING: [Synth 8-6901] identifier 'XM_out' is used before its declaration [C:/Users/caryp/Desktop/Important Shit/ECE350/Final Project/strum/strum/processor.v:95]
WARNING: [Synth 8-6901] identifier 'write_setx' is used before its declaration [C:/Users/caryp/Desktop/Important Shit/ECE350/Final Project/strum/strum/processor.v:95]
WARNING: [Synth 8-6901] identifier 'MW_out' is used before its declaration [C:/Users/caryp/Desktop/Important Shit/ECE350/Final Project/strum/strum/processor.v:95]
WARNING: [Synth 8-6901] identifier 'FD_out' is used before its declaration [C:/Users/caryp/Desktop/Important Shit/ECE350/Final Project/strum/strum/processor.v:96]
WARNING: [Synth 8-6901] identifier 'FD_out' is used before its declaration [C:/Users/caryp/Desktop/Important Shit/ECE350/Final Project/strum/strum/processor.v:102]
WARNING: [Synth 8-6901] identifier 'DX_out' is used before its declaration [C:/Users/caryp/Desktop/Important Shit/ECE350/Final Project/strum/strum/processor.v:102]
WARNING: [Synth 8-6901] identifier 'XM_out' is used before its declaration [C:/Users/caryp/Desktop/Important Shit/ECE350/Final Project/strum/strum/processor.v:102]
WARNING: [Synth 8-6901] identifier 'memory_jal' is used before its declaration [C:/Users/caryp/Desktop/Important Shit/ECE350/Final Project/strum/strum/processor.v:102]
WARNING: [Synth 8-6901] identifier 'memory_r_type' is used before its declaration [C:/Users/caryp/Desktop/Important Shit/ECE350/Final Project/strum/strum/processor.v:184]
WARNING: [Synth 8-6901] identifier 'memory_addi' is used before its declaration [C:/Users/caryp/Desktop/Important Shit/ECE350/Final Project/strum/strum/processor.v:184]
WARNING: [Synth 8-6901] identifier 'memory_lw' is used before its declaration [C:/Users/caryp/Desktop/Important Shit/ECE350/Final Project/strum/strum/processor.v:184]
WARNING: [Synth 8-6901] identifier 'memory_setx' is used before its declaration [C:/Users/caryp/Desktop/Important Shit/ECE350/Final Project/strum/strum/processor.v:184]
WARNING: [Synth 8-6901] identifier 'memory_rng' is used before its declaration [C:/Users/caryp/Desktop/Important Shit/ECE350/Final Project/strum/strum/processor.v:184]
WARNING: [Synth 8-6901] identifier 'write_r_type' is used before its declaration [C:/Users/caryp/Desktop/Important Shit/ECE350/Final Project/strum/strum/processor.v:186]
WARNING: [Synth 8-6901] identifier 'write_addi' is used before its declaration [C:/Users/caryp/Desktop/Important Shit/ECE350/Final Project/strum/strum/processor.v:186]
WARNING: [Synth 8-6901] identifier 'write_lw' is used before its declaration [C:/Users/caryp/Desktop/Important Shit/ECE350/Final Project/strum/strum/processor.v:186]
WARNING: [Synth 8-6901] identifier 'write_setx' is used before its declaration [C:/Users/caryp/Desktop/Important Shit/ECE350/Final Project/strum/strum/processor.v:186]
WARNING: [Synth 8-6901] identifier 'write_rng' is used before its declaration [C:/Users/caryp/Desktop/Important Shit/ECE350/Final Project/strum/strum/processor.v:186]
WARNING: [Synth 8-6901] identifier 'XM_out' is used before its declaration [C:/Users/caryp/Desktop/Important Shit/ECE350/Final Project/strum/strum/processor.v:191]
WARNING: [Synth 8-6901] identifier 'MW_out' is used before its declaration [C:/Users/caryp/Desktop/Important Shit/ECE350/Final Project/strum/strum/processor.v:192]
WARNING: [Synth 8-6901] identifier 'MW_out' is used before its declaration [C:/Users/caryp/Desktop/Important Shit/ECE350/Final Project/strum/strum/processor.v:196]
WARNING: [Synth 8-6901] identifier 'write_jal' is used before its declaration [C:/Users/caryp/Desktop/Important Shit/ECE350/Final Project/strum/strum/processor.v:196]
WARNING: [Synth 8-6901] identifier 'XM_out' is used before its declaration [C:/Users/caryp/Desktop/Important Shit/ECE350/Final Project/strum/strum/processor.v:197]
WARNING: [Synth 8-6901] identifier 'memory_jal' is used before its declaration [C:/Users/caryp/Desktop/Important Shit/ECE350/Final Project/strum/strum/processor.v:197]
WARNING: [Synth 8-6901] identifier 'XM_out' is used before its declaration [C:/Users/caryp/Desktop/Important Shit/ECE350/Final Project/strum/strum/processor.v:216]
WARNING: [Synth 8-6901] identifier 'MW_out' is used before its declaration [C:/Users/caryp/Desktop/Important Shit/ECE350/Final Project/strum/strum/processor.v:217]
WARNING: [Synth 8-6901] identifier 'MW_out' is used before its declaration [C:/Users/caryp/Desktop/Important Shit/ECE350/Final Project/strum/strum/processor.v:220]
WARNING: [Synth 8-6901] identifier 'write_jal' is used before its declaration [C:/Users/caryp/Desktop/Important Shit/ECE350/Final Project/strum/strum/processor.v:220]
WARNING: [Synth 8-6901] identifier 'XM_out' is used before its declaration [C:/Users/caryp/Desktop/Important Shit/ECE350/Final Project/strum/strum/processor.v:221]
WARNING: [Synth 8-6901] identifier 'memory_jal' is used before its declaration [C:/Users/caryp/Desktop/Important Shit/ECE350/Final Project/strum/strum/processor.v:221]
WARNING: [Synth 8-6901] identifier 'MW_out' is used before its declaration [C:/Users/caryp/Desktop/Important Shit/ECE350/Final Project/strum/strum/processor.v:300]
WARNING: [Synth 8-6901] identifier 'MW_out' is used before its declaration [C:/Users/caryp/Desktop/Important Shit/ECE350/Final Project/strum/strum/processor.v:301]
WARNING: [Synth 8-6901] identifier 'write_lw' is used before its declaration [C:/Users/caryp/Desktop/Important Shit/ECE350/Final Project/strum/strum/processor.v:302]
WARNING: [Synth 8-6901] identifier 'MW_out' is used before its declaration [C:/Users/caryp/Desktop/Important Shit/ECE350/Final Project/strum/strum/processor.v:302]
WARNING: [Synth 8-2254] instance name 'write_enable_and_decoder' matches net/port name [C:/Users/caryp/Desktop/Important Shit/ECE350/Final Project/strum/strum/regfile.v:25]
WARNING: [Synth 8-2254] instance name 'output_sign' matches net/port name [C:/Users/caryp/Desktop/Important Shit/ECE350/Final Project/strum/strum/restoring_div.v:52]
WARNING: [Synth 8-6901] identifier 'q_8' is used before its declaration [C:/Users/caryp/Desktop/Important Shit/ECE350/Final Project/strum/strum/rng.v:11]
WARNING: [Synth 8-6901] identifier 'q_9' is used before its declaration [C:/Users/caryp/Desktop/Important Shit/ECE350/Final Project/strum/strum/rng.v:11]
WARNING: [Synth 8-992] coordToUseX is already implicitly declared earlier [C:/Users/caryp/Desktop/Important Shit/ECE350/Final Project/strum/strum/VGAController.v:126]
WARNING: [Synth 8-992] coordToUseY is already implicitly declared earlier [C:/Users/caryp/Desktop/Important Shit/ECE350/Final Project/strum/strum/VGAController.v:127]
WARNING: [Synth 8-6901] identifier 'CPUDone' is used before its declaration [C:/Users/caryp/Desktop/Important Shit/ECE350/Final Project/strum/strum/VGAController.v:20]
WARNING: [Synth 8-6901] identifier 'lastNotePushed' is used before its declaration [C:/Users/caryp/Desktop/Important Shit/ECE350/Final Project/strum/strum/VGAController.v:21]
WARNING: [Synth 8-6901] identifier 'lastNotePushed' is used before its declaration [C:/Users/caryp/Desktop/Important Shit/ECE350/Final Project/strum/strum/VGAController.v:22]
WARNING: [Synth 8-6901] identifier 'lastNotePushed' is used before its declaration [C:/Users/caryp/Desktop/Important Shit/ECE350/Final Project/strum/strum/VGAController.v:23]
WARNING: [Synth 8-6901] identifier 'lastNotePushed' is used before its declaration [C:/Users/caryp/Desktop/Important Shit/ECE350/Final Project/strum/strum/VGAController.v:24]
---------------------------------------------------------------------------------
Starting RTL Elaboration : Time (s): cpu = 00:00:05 ; elapsed = 00:00:04 . Memory (MB): peak = 1013.426 ; gain = 0.000
---------------------------------------------------------------------------------
INFO: [Synth 8-6157] synthesizing module 'VGAController' [C:/Users/caryp/Desktop/Important Shit/ECE350/Final Project/strum/strum/VGAController.v:2]
	Parameter FILES_PATH bound to: C:/Users/caryp/Desktop/Important Shit/ECE350/Final Project/strum/strum/ - type: string 
	Parameter VIDEO_WIDTH bound to: 640 - type: integer 
	Parameter VIDEO_HEIGHT bound to: 480 - type: integer 
	Parameter PIXEL_COUNT bound to: 307200 - type: integer 
	Parameter PIXEL_ADDRESS_WIDTH bound to: 20 - type: integer 
	Parameter BITS_PER_COLOR bound to: 12 - type: integer 
	Parameter PALETTE_COLOR_COUNT bound to: 256 - type: integer 
	Parameter PALETTE_ADDRESS_WIDTH bound to: 9 - type: integer 
INFO: [Synth 8-6157] synthesizing module 'VGATimingGenerator' [C:/Users/caryp/Desktop/Important Shit/ECE350/Final Project/strum/strum/VGATimingGenerator.v:2]
	Parameter HEIGHT bound to: 480 - type: integer 
	Parameter WIDTH bound to: 640 - type: integer 
	Parameter H_FRONT_PORCH bound to: 16 - type: integer 
	Parameter H_SYNC_WIDTH bound to: 96 - type: integer 
	Parameter H_BACK_PORCH bound to: 48 - type: integer 
	Parameter H_SYNC_START bound to: 656 - type: integer 
	Parameter H_SYNC_END bound to: 752 - type: integer 
	Parameter H_LINE bound to: 800 - type: integer 
	Parameter V_FRONT_PORCH bound to: 11 - type: integer 
	Parameter V_SYNC_WIDTH bound to: 2 - type: integer 
	Parameter V_BACK_PORCH bound to: 31 - type: integer 
	Parameter V_SYNC_START bound to: 491 - type: integer 
	Parameter V_SYNC_END bound to: 493 - type: integer 
	Parameter V_LINE bound to: 524 - type: integer 
INFO: [Synth 8-6155] done synthesizing module 'VGATimingGenerator' (1#1) [C:/Users/caryp/Desktop/Important Shit/ECE350/Final Project/strum/strum/VGATimingGenerator.v:2]
INFO: [Synth 8-6157] synthesizing module 'RAM_image' [C:/Users/caryp/Desktop/Important Shit/ECE350/Final Project/strum/strum/RAM_image.v:2]
	Parameter DATA_WIDTH bound to: 9 - type: integer 
	Parameter ADDRESS_WIDTH bound to: 20 - type: integer 
	Parameter DEPTH bound to: 307200 - type: integer 
	Parameter MEMFILE bound to: 640'b0100001100111010001011110101010101110011011001010111001001110011001011110110001101100001011100100111100101110000001011110100010001100101011100110110101101110100011011110111000000101111010010010110110101110000011011110111001001110100011000010110111001110100001000000101001101101000011010010111010000101111010001010100001101000101001100110011010100110000001011110100011001101001011011100110000101101100001000000101000001110010011011110110101001100101011000110111010000101111011100110111010001110010011101010110110100101111011100110111010001110010011101010110110100101111011010010110110101100001011001110110010100101110011011010110010101101101 
INFO: [Synth 8-3876] $readmem data file 'C:/Users/caryp/Desktop/Important Shit/ECE350/Final Project/strum/strum/image.mem' is read successfully [C:/Users/caryp/Desktop/Important Shit/ECE350/Final Project/strum/strum/RAM_image.v:13]
INFO: [Synth 8-6155] done synthesizing module 'RAM_image' (2#1) [C:/Users/caryp/Desktop/Important Shit/ECE350/Final Project/strum/strum/RAM_image.v:2]
WARNING: [Synth 8-7071] port 'dataIn' of module 'RAM_image' is unconnected for instance 'ImageData' [C:/Users/caryp/Desktop/Important Shit/ECE350/Final Project/strum/strum/VGAController.v:101]
WARNING: [Synth 8-7023] instance 'ImageData' of module 'RAM_image' has 5 connections declared, but only 4 given [C:/Users/caryp/Desktop/Important Shit/ECE350/Final Project/strum/strum/VGAController.v:101]
INFO: [Synth 8-6157] synthesizing module 'RAM_image__parameterized0' [C:/Users/caryp/Desktop/Important Shit/ECE350/Final Project/strum/strum/RAM_image.v:2]
	Parameter DATA_WIDTH bound to: 9 - type: integer 
	Parameter ADDRESS_WIDTH bound to: 12 - type: integer 
	Parameter DEPTH bound to: 2500 - type: integer 
	Parameter MEMFILE bound to: 656'b01000011001110100010111101010101011100110110010101110010011100110010111101100011011000010111001001111001011100000010111101000100011001010111001101101011011101000110111101110000001011110100100101101101011100000110111101110010011101000110000101101110011101000010000001010011011010000110100101110100001011110100010101000011010001010011001100110101001100000010111101000110011010010110111001100001011011000010000001010000011100100110111101101010011001010110001101110100001011110111001101110100011100100111010101101101001011110111001101110100011100100111010101101101001011110100111101110110011001010111001001101100011000010111100100101110011011010110010101101101 
INFO: [Synth 8-3876] $readmem data file 'C:/Users/caryp/Desktop/Important Shit/ECE350/Final Project/strum/strum/Overlay.mem' is read successfully [C:/Users/caryp/Desktop/Important Shit/ECE350/Final Project/strum/strum/RAM_image.v:13]
INFO: [Synth 8-6155] done synthesizing module 'RAM_image__parameterized0' (2#1) [C:/Users/caryp/Desktop/Important Shit/ECE350/Final Project/strum/strum/RAM_image.v:2]
WARNING: [Synth 8-689] width (32) of port connection 'addr' does not match port width (12) of module 'RAM_image__parameterized0' [C:/Users/caryp/Desktop/Important Shit/ECE350/Final Project/strum/strum/VGAController.v:118]
WARNING: [Synth 8-7071] port 'dataIn' of module 'RAM_image' is unconnected for instance 'ImageOverlay' [C:/Users/caryp/Desktop/Important Shit/ECE350/Final Project/strum/strum/VGAController.v:116]
WARNING: [Synth 8-7023] instance 'ImageOverlay' of module 'RAM_image' has 5 connections declared, but only 4 given [C:/Users/caryp/Desktop/Important Shit/ECE350/Final Project/strum/strum/VGAController.v:116]
INFO: [Synth 8-6157] synthesizing module 'RAM_image__parameterized1' [C:/Users/caryp/Desktop/Important Shit/ECE350/Final Project/strum/strum/RAM_image.v:2]
	Parameter DATA_WIDTH bound to: 12 - type: integer 
	Parameter ADDRESS_WIDTH bound to: 9 - type: integer 
	Parameter DEPTH bound to: 256 - type: integer 
	Parameter MEMFILE bound to: 648'b010000110011101000101111010101010111001101100101011100100111001100101111011000110110000101110010011110010111000000101111010001000110010101110011011010110111010001101111011100000010111101001001011011010111000001101111011100100111010001100001011011100111010000100000010100110110100001101001011101000010111101000101010000110100010100110011001101010011000000101111010001100110100101101110011000010110110000100000010100000111001001101111011010100110010101100011011101000010111101110011011101000111001001110101011011010010111101110011011101000111001001110101011011010010111101100011011011110110110001101111011100100111001100101110011011010110010101101101 
INFO: [Synth 8-3876] $readmem data file 'C:/Users/caryp/Desktop/Important Shit/ECE350/Final Project/strum/strum/colors.mem' is read successfully [C:/Users/caryp/Desktop/Important Shit/ECE350/Final Project/strum/strum/RAM_image.v:13]
INFO: [Synth 8-6155] done synthesizing module 'RAM_image__parameterized1' (2#1) [C:/Users/caryp/Desktop/Important Shit/ECE350/Final Project/strum/strum/RAM_image.v:2]
WARNING: [Synth 8-7071] port 'dataIn' of module 'RAM_image' is unconnected for instance 'ColorPalette' [C:/Users/caryp/Desktop/Important Shit/ECE350/Final Project/strum/strum/VGAController.v:165]
WARNING: [Synth 8-7023] instance 'ColorPalette' of module 'RAM_image' has 5 connections declared, but only 4 given [C:/Users/caryp/Desktop/Important Shit/ECE350/Final Project/strum/strum/VGAController.v:165]
INFO: [Synth 8-6157] synthesizing module 'ps2_rx' [C:/Users/caryp/Desktop/Important Shit/ECE350/Final Project/strum/strum/ps2_rx.v:2]
	Parameter idle bound to: 1'b0 
	Parameter rx bound to: 1'b1 
INFO: [Synth 8-6155] done synthesizing module 'ps2_rx' (3#1) [C:/Users/caryp/Desktop/Important Shit/ECE350/Final Project/strum/strum/ps2_rx.v:2]
INFO: [Synth 8-6157] synthesizing module 'Wrapper' [C:/Users/caryp/Desktop/Important Shit/ECE350/Final Project/strum/strum/Wrapper.v:27]
INFO: [Synth 8-6157] synthesizing module 'processor' [C:/Users/caryp/Desktop/Important Shit/ECE350/Final Project/strum/strum/processor.v:20]
INFO: [Synth 8-6157] synthesizing module 'csa_32_bit' [C:/Users/caryp/Desktop/Important Shit/ECE350/Final Project/strum/strum/csa_32_bit.v:1]
INFO: [Synth 8-6157] synthesizing module 'eight_bit_CLA' [C:/Users/caryp/Desktop/Important Shit/ECE350/Final Project/strum/strum/eight_bit_cla.v:1]
INFO: [Synth 8-6157] synthesizing module 'gp' [C:/Users/caryp/Desktop/Important Shit/ECE350/Final Project/strum/strum/gp.v:1]
INFO: [Synth 8-6155] done synthesizing module 'gp' (4#1) [C:/Users/caryp/Desktop/Important Shit/ECE350/Final Project/strum/strum/gp.v:1]
INFO: [Synth 8-6155] done synthesizing module 'eight_bit_CLA' (5#1) [C:/Users/caryp/Desktop/Important Shit/ECE350/Final Project/strum/strum/eight_bit_cla.v:1]
INFO: [Synth 8-6157] synthesizing module 'mux_2' [C:/Users/caryp/Desktop/Important Shit/ECE350/Final Project/strum/strum/mux_2.v:1]
INFO: [Synth 8-6155] done synthesizing module 'mux_2' (6#1) [C:/Users/caryp/Desktop/Important Shit/ECE350/Final Project/strum/strum/mux_2.v:1]
WARNING: [Synth 8-689] width (8) of port connection 'out' does not match port width (32) of module 'mux_2' [C:/Users/caryp/Desktop/Important Shit/ECE350/Final Project/strum/strum/csa_32_bit.v:17]
WARNING: [Synth 8-689] width (1) of port connection 'out' does not match port width (32) of module 'mux_2' [C:/Users/caryp/Desktop/Important Shit/ECE350/Final Project/strum/strum/csa_32_bit.v:18]
WARNING: [Synth 8-689] width (8) of port connection 'out' does not match port width (32) of module 'mux_2' [C:/Users/caryp/Desktop/Important Shit/ECE350/Final Project/strum/strum/csa_32_bit.v:22]
WARNING: [Synth 8-689] width (1) of port connection 'out' does not match port width (32) of module 'mux_2' [C:/Users/caryp/Desktop/Important Shit/ECE350/Final Project/strum/strum/csa_32_bit.v:23]
WARNING: [Synth 8-689] width (8) of port connection 'out' does not match port width (32) of module 'mux_2' [C:/Users/caryp/Desktop/Important Shit/ECE350/Final Project/strum/strum/csa_32_bit.v:27]
WARNING: [Synth 8-689] width (1) of port connection 'out' does not match port width (32) of module 'mux_2' [C:/Users/caryp/Desktop/Important Shit/ECE350/Final Project/strum/strum/csa_32_bit.v:28]
INFO: [Synth 8-6155] done synthesizing module 'csa_32_bit' (7#1) [C:/Users/caryp/Desktop/Important Shit/ECE350/Final Project/strum/strum/csa_32_bit.v:1]
INFO: [Synth 8-6157] synthesizing module 'dffe_ref' [C:/Users/caryp/Desktop/Important Shit/ECE350/Final Project/strum/strum/dffe_ref.v:1]
INFO: [Synth 8-6155] done synthesizing module 'dffe_ref' (8#1) [C:/Users/caryp/Desktop/Important Shit/ECE350/Final Project/strum/strum/dffe_ref.v:1]
WARNING: [Synth 8-445] multiply driven output port connection 'q_not' in instance array 'PC' [C:/Users/caryp/Desktop/Important Shit/ECE350/Final Project/strum/strum/processor.v:115]
WARNING: [Synth 8-445] multiply driven output port connection 'q_not' in instance array 'FD' [C:/Users/caryp/Desktop/Important Shit/ECE350/Final Project/strum/strum/processor.v:134]
WARNING: [Synth 8-445] multiply driven output port connection 'q_not' in instance array 'DX' [C:/Users/caryp/Desktop/Important Shit/ECE350/Final Project/strum/strum/processor.v:163]
INFO: [Synth 8-6157] synthesizing module 'mux_4' [C:/Users/caryp/Desktop/Important Shit/ECE350/Final Project/strum/strum/mux_4.v:1]
INFO: [Synth 8-6155] done synthesizing module 'mux_4' (9#1) [C:/Users/caryp/Desktop/Important Shit/ECE350/Final Project/strum/strum/mux_4.v:1]
INFO: [Synth 8-6157] synthesizing module 'alu' [C:/Users/caryp/Desktop/Important Shit/ECE350/Final Project/strum/strum/alu.v:1]
INFO: [Synth 8-6157] synthesizing module 'bitwise_AND' [C:/Users/caryp/Desktop/Important Shit/ECE350/Final Project/strum/strum/bitwise_AND.v:1]
INFO: [Synth 8-6155] done synthesizing module 'bitwise_AND' (10#1) [C:/Users/caryp/Desktop/Important Shit/ECE350/Final Project/strum/strum/bitwise_AND.v:1]
INFO: [Synth 8-6157] synthesizing module 'bitwise_OR' [C:/Users/caryp/Desktop/Important Shit/ECE350/Final Project/strum/strum/bitwise_OR.v:1]
INFO: [Synth 8-6155] done synthesizing module 'bitwise_OR' (11#1) [C:/Users/caryp/Desktop/Important Shit/ECE350/Final Project/strum/strum/bitwise_OR.v:1]
INFO: [Synth 8-6157] synthesizing module 'left_barrel_shifter' [C:/Users/caryp/Desktop/Important Shit/ECE350/Final Project/strum/strum/left_barrel_shifter.v:1]
INFO: [Synth 8-6155] done synthesizing module 'left_barrel_shifter' (12#1) [C:/Users/caryp/Desktop/Important Shit/ECE350/Final Project/strum/strum/left_barrel_shifter.v:1]
INFO: [Synth 8-6157] synthesizing module 'right_barrel_shifter' [C:/Users/caryp/Desktop/Important Shit/ECE350/Final Project/strum/strum/right_barrel_shifter.v:1]
INFO: [Synth 8-6155] done synthesizing module 'right_barrel_shifter' (13#1) [C:/Users/caryp/Desktop/Important Shit/ECE350/Final Project/strum/strum/right_barrel_shifter.v:1]
INFO: [Synth 8-6157] synthesizing module 'mux_8' [C:/Users/caryp/Desktop/Important Shit/ECE350/Final Project/strum/strum/mux_8.v:1]
INFO: [Synth 8-6155] done synthesizing module 'mux_8' (14#1) [C:/Users/caryp/Desktop/Important Shit/ECE350/Final Project/strum/strum/mux_8.v:1]
INFO: [Synth 8-6155] done synthesizing module 'alu' (15#1) [C:/Users/caryp/Desktop/Important Shit/ECE350/Final Project/strum/strum/alu.v:1]
INFO: [Synth 8-6157] synthesizing module 'multdiv' [C:/Users/caryp/Desktop/Important Shit/ECE350/Final Project/strum/strum/multdiv.v:1]
INFO: [Synth 8-6157] synthesizing module 'booth_mult' [C:/Users/caryp/Desktop/Important Shit/ECE350/Final Project/strum/strum/booth_mult.v:1]
INFO: [Synth 8-6157] synthesizing module 'mult_control' [C:/Users/caryp/Desktop/Important Shit/ECE350/Final Project/strum/strum/mult_control.v:1]
INFO: [Synth 8-6157] synthesizing module 'six_bit_counter' [C:/Users/caryp/Desktop/Important Shit/ECE350/Final Project/strum/strum/six_bit_counter.v:1]
INFO: [Synth 8-6155] done synthesizing module 'six_bit_counter' (16#1) [C:/Users/caryp/Desktop/Important Shit/ECE350/Final Project/strum/strum/six_bit_counter.v:1]
INFO: [Synth 8-6155] done synthesizing module 'mult_control' (17#1) [C:/Users/caryp/Desktop/Important Shit/ECE350/Final Project/strum/strum/mult_control.v:1]
INFO: [Synth 8-6157] synthesizing module 'reg_65' [C:/Users/caryp/Desktop/Important Shit/ECE350/Final Project/strum/strum/reg_65.v:1]
INFO: [Synth 8-6155] done synthesizing module 'reg_65' (18#1) [C:/Users/caryp/Desktop/Important Shit/ECE350/Final Project/strum/strum/reg_65.v:1]
INFO: [Synth 8-6155] done synthesizing module 'booth_mult' (19#1) [C:/Users/caryp/Desktop/Important Shit/ECE350/Final Project/strum/strum/booth_mult.v:1]
INFO: [Synth 8-6157] synthesizing module 'restoring_div' [C:/Users/caryp/Desktop/Important Shit/ECE350/Final Project/strum/strum/restoring_div.v:1]
INFO: [Synth 8-6157] synthesizing module 'reg_64' [C:/Users/caryp/Desktop/Important Shit/ECE350/Final Project/strum/strum/reg_64.v:1]
INFO: [Synth 8-6155] done synthesizing module 'reg_64' (20#1) [C:/Users/caryp/Desktop/Important Shit/ECE350/Final Project/strum/strum/reg_64.v:1]
INFO: [Synth 8-6155] done synthesizing module 'restoring_div' (21#1) [C:/Users/caryp/Desktop/Important Shit/ECE350/Final Project/strum/strum/restoring_div.v:1]
INFO: [Synth 8-6155] done synthesizing module 'multdiv' (22#1) [C:/Users/caryp/Desktop/Important Shit/ECE350/Final Project/strum/strum/multdiv.v:1]
INFO: [Synth 8-6157] synthesizing module 'rng' [C:/Users/caryp/Desktop/Important Shit/ECE350/Final Project/strum/strum/rng.v:1]
INFO: [Synth 8-6155] done synthesizing module 'rng' (23#1) [C:/Users/caryp/Desktop/Important Shit/ECE350/Final Project/strum/strum/rng.v:1]
WARNING: [Synth 8-445] multiply driven output port connection 'q_not' in instance array 'XM' [C:/Users/caryp/Desktop/Important Shit/ECE350/Final Project/strum/strum/processor.v:280]
WARNING: [Synth 8-445] multiply driven output port connection 'q_not' in instance array 'MW' [C:/Users/caryp/Desktop/Important Shit/ECE350/Final Project/strum/strum/processor.v:317]
INFO: [Synth 8-6155] done synthesizing module 'processor' (24#1) [C:/Users/caryp/Desktop/Important Shit/ECE350/Final Project/strum/strum/processor.v:20]
INFO: [Synth 8-6157] synthesizing module 'regfile' [C:/Users/caryp/Desktop/Important Shit/ECE350/Final Project/strum/strum/regfile.v:1]
INFO: [Synth 8-6157] synthesizing module 'reg_32' [C:/Users/caryp/Desktop/Important Shit/ECE350/Final Project/strum/strum/reg_32.v:1]
INFO: [Synth 8-6155] done synthesizing module 'reg_32' (25#1) [C:/Users/caryp/Desktop/Important Shit/ECE350/Final Project/strum/strum/reg_32.v:1]
INFO: [Synth 8-6157] synthesizing module 'one_hot_decoder' [C:/Users/caryp/Desktop/Important Shit/ECE350/Final Project/strum/strum/one_hot_decoder.v:1]
INFO: [Synth 8-6155] done synthesizing module 'one_hot_decoder' (26#1) [C:/Users/caryp/Desktop/Important Shit/ECE350/Final Project/strum/strum/one_hot_decoder.v:1]
INFO: [Synth 8-6157] synthesizing module 'tsb_32' [C:/Users/caryp/Desktop/Important Shit/ECE350/Final Project/strum/strum/tsb_32.v:1]
INFO: [Synth 8-6155] done synthesizing module 'tsb_32' (27#1) [C:/Users/caryp/Desktop/Important Shit/ECE350/Final Project/strum/strum/tsb_32.v:1]
INFO: [Synth 8-6155] done synthesizing module 'regfile' (28#1) [C:/Users/caryp/Desktop/Important Shit/ECE350/Final Project/strum/strum/regfile.v:1]
INFO: [Synth 8-6157] synthesizing module 'RAM' [C:/Users/caryp/Desktop/Important Shit/ECE350/Final Project/strum/strum/RAM.v:2]
	Parameter DATA_WIDTH bound to: 32 - type: integer 
	Parameter ADDRESS_WIDTH bound to: 12 - type: integer 
	Parameter DEPTH bound to: 4096 - type: integer 
INFO: [Synth 8-6155] done synthesizing module 'RAM' (29#1) [C:/Users/caryp/Desktop/Important Shit/ECE350/Final Project/strum/strum/RAM.v:2]
INFO: [Synth 8-6155] done synthesizing module 'Wrapper' (30#1) [C:/Users/caryp/Desktop/Important Shit/ECE350/Final Project/strum/strum/Wrapper.v:27]
INFO: [Synth 8-6157] synthesizing module 'PWMSerializer' [C:/Users/caryp/Desktop/Important Shit/ECE350/Final Project/strum/strum/PWMSerializer.v:8]
	Parameter PULSE_FREQ bound to: 1 - type: integer 
	Parameter SYS_FREQ bound to: 100 - type: integer 
	Parameter PULSE_WINDOW bound to: 100 - type: integer 
	Parameter PULSE_HALF bound to: 50 - type: integer 
	Parameter PULSE_BITS bound to: 7 - type: integer 
INFO: [Synth 8-6155] done synthesizing module 'PWMSerializer' (31#1) [C:/Users/caryp/Desktop/Important Shit/ECE350/Final Project/strum/strum/PWMSerializer.v:8]
INFO: [Synth 8-6155] done synthesizing module 'VGAController' (32#1) [C:/Users/caryp/Desktop/Important Shit/ECE350/Final Project/strum/strum/VGAController.v:2]
---------------------------------------------------------------------------------
Finished RTL Elaboration : Time (s): cpu = 00:00:08 ; elapsed = 00:00:08 . Memory (MB): peak = 1033.781 ; gain = 20.355
---------------------------------------------------------------------------------
---------------------------------------------------------------------------------
Start Handling Custom Attributes
---------------------------------------------------------------------------------
---------------------------------------------------------------------------------
Finished Handling Custom Attributes : Time (s): cpu = 00:00:09 ; elapsed = 00:00:10 . Memory (MB): peak = 1033.781 ; gain = 20.355
---------------------------------------------------------------------------------
---------------------------------------------------------------------------------
Finished RTL Optimization Phase 1 : Time (s): cpu = 00:00:09 ; elapsed = 00:00:10 . Memory (MB): peak = 1033.781 ; gain = 20.355
---------------------------------------------------------------------------------
Netlist sorting complete. Time (s): cpu = 00:00:00 ; elapsed = 00:00:00.216 . Memory (MB): peak = 1033.781 ; gain = 0.000
INFO: [Project 1-570] Preparing netlist for logic optimization

Processing XDC Constraints
Initializing timing engine
Parsing XDC File [C:/Users/caryp/Desktop/Important Shit/ECE350/Final Project/strum/strum/constraints.xdc]
Finished Parsing XDC File [C:/Users/caryp/Desktop/Important Shit/ECE350/Final Project/strum/strum/constraints.xdc]
INFO: [Project 1-236] Implementation specific constraints were found while reading constraint file [C:/Users/caryp/Desktop/Important Shit/ECE350/Final Project/strum/strum/constraints.xdc]. These constraints will be ignored for synthesis but will be used in implementation. Impacted constraints are listed in the file [.Xil/VGAController_propImpl.xdc].
Resolution: To avoid this warning, move constraints listed in [.Xil/VGAController_propImpl.xdc] to another XDC file and exclude this new file from synthesis with the used_in_synthesis property (File Properties dialog in GUI) and re-run elaboration/synthesis.
Completed Processing XDC Constraints

Netlist sorting complete. Time (s): cpu = 00:00:00 ; elapsed = 00:00:00.009 . Memory (MB): peak = 1097.418 ; gain = 0.000
INFO: [Project 1-111] Unisim Transformation Summary:
No Unisim elements were transformed.

Constraint Validation Runtime : Time (s): cpu = 00:00:00 ; elapsed = 00:00:00.042 . Memory (MB): peak = 1097.418 ; gain = 0.000
---------------------------------------------------------------------------------
Finished Constraint Validation : Time (s): cpu = 00:00:17 ; elapsed = 00:00:18 . Memory (MB): peak = 1097.418 ; gain = 83.992
---------------------------------------------------------------------------------
---------------------------------------------------------------------------------
Start Loading Part and Timing Information
---------------------------------------------------------------------------------
Loading part: xc7a100tcsg324-1
---------------------------------------------------------------------------------
Finished Loading Part and Timing Information : Time (s): cpu = 00:00:17 ; elapsed = 00:00:18 . Memory (MB): peak = 1097.418 ; gain = 83.992
---------------------------------------------------------------------------------
---------------------------------------------------------------------------------
Start Applying 'set_property' XDC Constraints
---------------------------------------------------------------------------------
---------------------------------------------------------------------------------
Finished applying 'set_property' XDC Constraints : Time (s): cpu = 00:00:17 ; elapsed = 00:00:18 . Memory (MB): peak = 1097.418 ; gain = 83.992
---------------------------------------------------------------------------------
