#-----------------------------------------------------------
# Vivado v2020.1 (64-bit)
# SW Build 2902540 on Wed May 27 19:54:49 MDT 2020
# IP Build 2902112 on Wed May 27 22:43:36 MDT 2020
# Start of session at: Fri Apr  9 23:25:14 2021
# Process ID: 28168
# Current directory: C:/Users/water/OneDrive/Documents/ECE-350/strum/strum/Strum
# Command line: vivado.exe -gui_launcher_event rodinguilauncherevent14020 C:\Users\water\OneDrive\Documents\ECE-350\strum\strum\Strum\Strum.xpr
# Log file: C:/Users/water/OneDrive/Documents/ECE-350/strum/strum/Strum/vivado.log
# Journal file: C:/Users/water/OneDrive/Documents/ECE-350/strum/strum/Strum\vivado.jou
#-----------------------------------------------------------
start_gui
open_project C:/Users/water/OneDrive/Documents/ECE-350/strum/strum/Strum/Strum.xpr
INFO: [Project 1-313] Project file moved from 'C:/Users/caryp/Desktop/Important Shit/ECE350/Final Project/strum/strum/Strum' since last save.
Scanning sources...
Finished scanning sources
WARNING: [filemgmt 56-2] Default IP Output Path : Could not find the directory 'C:/Users/water/OneDrive/Documents/ECE-350/strum/strum/Strum/Strum.srcs/sources_1', nor could it be found using path 'C:/Users/caryp/Desktop/Important Shit/ECE350/Final Project/strum/strum/Strum/Strum.srcs/sources_1'.
INFO: [IP_Flow 19-234] Refreshing IP repositories
INFO: [IP_Flow 19-1704] No user IP repositories specified
INFO: [IP_Flow 19-2313] Loaded Vivado IP repository 'C:/Xilinx/Vivado/2020.1/data/ip'.
open_project: Time (s): cpu = 00:00:34 ; elapsed = 00:00:12 . Memory (MB): peak = 1013.887 ; gain = 0.000
update_compile_order -fileset sources_1
reset_run synth_1
launch_runs impl_1 -to_step write_bitstream
[Fri Apr  9 23:26:36 2021] Launched synth_1...
Run output will be captured here: C:/Users/water/OneDrive/Documents/ECE-350/strum/strum/Strum/Strum.runs/synth_1/runme.log
[Fri Apr  9 23:26:36 2021] Launched impl_1...
Run output will be captured here: C:/Users/water/OneDrive/Documents/ECE-350/strum/strum/Strum/Strum.runs/impl_1/runme.log
open_hw_manager
connect_hw_server -allow_non_jtag
INFO: [Labtools 27-2285] Connecting to hw_server url TCP:localhost:3121
INFO: [Labtools 27-2222] Launching hw_server...
INFO: [Labtools 27-2221] Launch Output:

****** Xilinx hw_server v2020.1
  **** Build date : May 27 2020 at 20:24:38
    ** Copyright 1986-2020 Xilinx, Inc. All Rights Reserved.


INFO: [Labtools 27-3415] Connecting to cs_server url TCP:localhost:3042
INFO: [Labtools 27-3417] Launching cs_server...
INFO: [Labtools 27-2221] Launch Output:


****** Xilinx cs_server v2020.1.0
  **** Build date : May 13 2020-21:10:29
    ** Copyright 2017-2020 Xilinx, Inc. All Rights Reserved.



connect_hw_server: Time (s): cpu = 00:00:04 ; elapsed = 00:00:19 . Memory (MB): peak = 1013.887 ; gain = 0.000
open_hw_target
INFO: [Labtoolstcl 44-466] Opening hw_target localhost:3121/xilinx_tcf/Digilent/210292B065BFA
open_hw_target: Time (s): cpu = 00:00:08 ; elapsed = 00:00:08 . Memory (MB): peak = 2140.172 ; gain = 1126.285
set_property PROGRAM.FILE {C:/Users/water/OneDrive/Documents/ECE-350/strum/strum/Strum/Strum.runs/impl_1/VGAController.bit} [get_hw_devices xc7a100t_0]
current_hw_device [get_hw_devices xc7a100t_0]
refresh_hw_device -update_hw_probes false [lindex [get_hw_devices xc7a100t_0] 0]
INFO: [Labtools 27-1434] Device xc7a100t (JTAG device index = 0) is programmed with a design that has no supported debug core(s) in it.
set_property PROBES.FILE {} [get_hw_devices xc7a100t_0]
set_property FULL_PROBES.FILE {} [get_hw_devices xc7a100t_0]
set_property PROGRAM.FILE {C:/Users/water/OneDrive/Documents/ECE-350/strum/strum/Strum/Strum.runs/impl_1/VGAController.bit} [get_hw_devices xc7a100t_0]
program_hw_devices [get_hw_devices xc7a100t_0]
INFO: [Labtools 27-3164] End of startup status: HIGH
refresh_hw_device [lindex [get_hw_devices xc7a100t_0] 0]
INFO: [Labtools 27-1434] Device xc7a100t (JTAG device index = 0) is programmed with a design that has no supported debug core(s) in it.
reset_run synth_1
launch_runs impl_1 -to_step write_bitstream
[Fri Apr  9 23:34:07 2021] Launched synth_1...
Run output will be captured here: C:/Users/water/OneDrive/Documents/ECE-350/strum/strum/Strum/Strum.runs/synth_1/runme.log
[Fri Apr  9 23:34:07 2021] Launched impl_1...
Run output will be captured here: C:/Users/water/OneDrive/Documents/ECE-350/strum/strum/Strum/Strum.runs/impl_1/runme.log
set_property PROBES.FILE {} [get_hw_devices xc7a100t_0]
set_property FULL_PROBES.FILE {} [get_hw_devices xc7a100t_0]
set_property PROGRAM.FILE {C:/Users/water/OneDrive/Documents/ECE-350/strum/strum/Strum/Strum.runs/impl_1/VGAController.bit} [get_hw_devices xc7a100t_0]
program_hw_devices [get_hw_devices xc7a100t_0]
INFO: [Labtools 27-3164] End of startup status: HIGH
refresh_hw_device [lindex [get_hw_devices xc7a100t_0] 0]
INFO: [Labtools 27-1434] Device xc7a100t (JTAG device index = 0) is programmed with a design that has no supported debug core(s) in it.
exit
INFO: [Common 17-206] Exiting Vivado at Fri Apr  9 23:41:12 2021...
