#-----------------------------------------------------------
# Vivado v2020.1 (64-bit)
# SW Build 2902540 on Wed May 27 19:54:49 MDT 2020
# IP Build 2902112 on Wed May 27 22:43:36 MDT 2020
# Start of session at: Sat Apr 10 22:02:31 2021
# Process ID: 11764
# Current directory: C:/Users/water/OneDrive/Documents/ECE-350/strum/strum/Strum
# Command line: vivado.exe -gui_launcher_event rodinguilauncherevent8748 C:\Users\water\OneDrive\Documents\ECE-350\strum\strum\Strum\Strum.xpr
# Log file: C:/Users/water/OneDrive/Documents/ECE-350/strum/strum/Strum/vivado.log
# Journal file: C:/Users/water/OneDrive/Documents/ECE-350/strum/strum/Strum\vivado.jou
#-----------------------------------------------------------
start_gui
open_project C:/Users/water/OneDrive/Documents/ECE-350/strum/strum/Strum/Strum.xpr
Scanning sources...
Finished scanning sources
WARNING: [filemgmt 56-3] Default IP Output Path : Could not find the directory 'C:/Users/water/OneDrive/Documents/ECE-350/strum/strum/Strum/Strum.srcs/sources_1'.
INFO: [IP_Flow 19-234] Refreshing IP repositories
INFO: [IP_Flow 19-1704] No user IP repositories specified
INFO: [IP_Flow 19-2313] Loaded Vivado IP repository 'C:/Xilinx/Vivado/2020.1/data/ip'.
open_project: Time (s): cpu = 00:00:23 ; elapsed = 00:00:09 . Memory (MB): peak = 1014.027 ; gain = 0.000
updatINFO: [Common 17-206] Exiting Vivadexit
INFO: [Common 17-206] Exiting Vivado at Sat Apr 10 23:13:50 2021...
