#-----------------------------------------------------------
# Vivado v2020.1 (64-bit)
# SW Build 2902540 on Wed May 27 19:54:49 MDT 2020
# IP Build 2902112 on Wed May 27 22:43:36 MDT 2020
# Start of session at: Fri Apr 16 21:09:24 2021
# Process ID: 23664
# Current directory: C:/Users/water/OneDrive/Documents/ECE-350/strum/strum/Strum
# Command line: vivado.exe -gui_launcher_event rodinguilauncherevent22424 C:\Users\water\OneDrive\Documents\ECE-350\strum\strum\Strum\Strum.xpr
# Log file: C:/Users/water/OneDrive/Documents/ECE-350/strum/strum/Strum/vivado.log
# Journal file: C:/Users/water/OneDrive/Documents/ECE-350/strum/strum/Strum\vivado.jou
#-----------------------------------------------------------
start_gui
open_project C:/Users/water/OneDrive/Documents/ECE-350/strum/strum/Strum/Strum.xpr
INFO: [Project 1-313] Project file moved from 'C:/Users/caryp/Desktop/Important Shit/ECE350/Final Project/strum/strum/Strum' since last save.
Scanning sources...
Finished scanning sources
WARNING: [filemgmt 56-2] Default IP Output Path : Could not find the directory 'C:/Users/water/OneDrive/Documents/ECE-350/strum/strum/Strum/Strum.srcs/sources_1', nor could it be found using path 'C:/Users/caryp/Desktop/Important Shit/ECE350/Final Project/strum/strum/Strum/Strum.srcs/sources_1'.
INFO: [IP_Flow 19-234] Refreshing IP repositories
INFO: [IP_Flow 19-1704] No user IP repositories specified
INFO: [IP_Flow 19-2313] Loaded Vivado IP repository 'C:/Xilinx/Vivado/2020.1/data/ip'.
open_project: Time (s): cpu = 00:00:23 ; elapsed = 00:00:09 . Memory (MB): peak = 1013.492 ; gain = 0.000
update_compile_order -fileset sources_1
reset_run synth_1
WARNING: [Vivado 12-1017] Problems encountered:
1. Process appears to be on host 'DESKTOP-IVKJU52' and cannot be killed from host 'AERO-15X'

launch_runs impl_1 -to_step write_bitstream
[Fri Apr 16 21:19:12 2021] Launched synth_1...
Run output will be captured here: C:/Users/water/OneDrive/Documents/ECE-350/strum/strum/Strum/Strum.runs/synth_1/runme.log
[Fri Apr 16 21:19:13 2021] Launched impl_1...
Run output will be captured here: C:/Users/water/OneDrive/Documents/ECE-350/strum/strum/Strum/Strum.runs/impl_1/runme.log
open_hw_manager
connect_hw_server -allow_non_jtag
INFO: [Labtools 27-2285] Connecting to hw_server url TCP:localhost:3121
INFO: [Labtools 27-2222] Launching hw_server...
INFO: [Labtools 27-2221] Launch Output:

****** Xilinx hw_server v2020.1
  **** Build date : May 27 2020 at 20:24:38
    ** Copyright 1986-2020 Xilinx, Inc. All Rights Reserved.


INFO: [Labtools 27-3415] Connecting to cs_server url TCP:localhost:3042
INFO: [Labtools 27-3417] Launching cs_server...
INFO: [Labtools 27-2221] Launch Output:


****** Xilinx cs_server v2020.1.0
  **** Build date : May 13 2020-21:10:29
    ** Copyright 2017-2020 Xilinx, Inc. All Rights Reserved.



connect_hw_server: Time (s): cpu = 00:00:05 ; elapsed = 00:00:25 . Memory (MB): peak = 1013.492 ; gain = 0.000
open_hw_target
INFO: [Labtoolstcl 44-466] Opening hw_target localhost:3121/xilinx_tcf/Digilent/210292B065BFA
open_hw_target: Time (s): cpu = 00:00:13 ; elapsed = 00:00:14 . Memory (MB): peak = 2070.488 ; gain = 1056.996
set_property PROGRAM.FILE {C:/Users/water/OneDrive/Documents/ECE-350/strum/strum/Strum/Strum.runs/impl_1/VGAController.bit} [get_hw_devices xc7a100t_0]
current_hw_device [get_hw_devices xc7a100t_0]
refresh_hw_device -update_hw_probes false [lindex [get_hw_devices xc7a100t_0] 0]
INFO: [Labtools 27-1434] Device xc7a100t (JTAG device index = 0) is programmed with a design that has no supported debug core(s) in it.
set_property PROBES.FILE {} [get_hw_devices xc7a100t_0]
set_property FULL_PROBES.FILE {} [get_hw_devices xc7a100t_0]
set_property PROGRAM.FILE {C:/Users/water/OneDrive/Documents/ECE-350/strum/strum/Strum/Strum.runs/impl_1/VGAController.bit} [get_hw_devices xc7a100t_0]
program_hw_devices [get_hw_devices xc7a100t_0]
INFO: [Labtools 27-3164] End of startup status: HIGH
refresh_hw_device [lindex [get_hw_devices xc7a100t_0] 0]
INFO: [Labtools 27-1434] Device xc7a100t (JTAG device index = 0) is programmed with a design that has no supported debug core(s) in it.
reset_run synth_1
launch_runs impl_1 -to_step write_bitstream
[Fri Apr 16 21:32:25 2021] Launched synth_1...
Run output will be captured here: C:/Users/water/OneDrive/Documents/ECE-350/strum/strum/Strum/Strum.runs/synth_1/runme.log
[Fri Apr 16 21:32:25 2021] Launched impl_1...
Run output will be captured here: C:/Users/water/OneDrive/Documents/ECE-350/strum/strum/Strum/Strum.runs/impl_1/runme.log
set_property PROBES.FILE {} [get_hw_devices xc7a100t_0]
set_property FULL_PROBES.FILE {} [get_hw_devices xc7a100t_0]
set_property PROGRAM.FILE {C:/Users/water/OneDrive/Documents/ECE-350/strum/strum/Strum/Strum.runs/impl_1/VGAController.bit} [get_hw_devices xc7a100t_0]
program_hw_devices [get_hw_devices xc7a100t_0]
INFO: [Labtools 27-3164] End of startup status: HIGH
refresh_hw_device [lindex [get_hw_devices xc7a100t_0] 0]
INFO: [Labtools 27-1434] Device xc7a100t (JTAG device index = 0) is programmed with a design that has no supported debug core(s) in it.
ERROR: [Labtoolstcl 44-513] HW Target shutdown. Closing target: localhost:3121/xilinx_tcf/Digilent/210292B065BFA
INFO: [Labtoolstcl 44-466] Opening hw_target localhost:3121/xilinx_tcf/Digilent/210292B065BFA
INFO: [Labtools 27-1435] Device xc7a100t (JTAG device index = 0) is not programmed (DONE status = 0).
WARNING: [Labtoolstcl 44-129] No matching hw_ila_data was found.
set_property PROBES.FILE {} [get_hw_devices xc7a100t_0]
set_property FULL_PROBES.FILE {} [get_hw_devices xc7a100t_0]
set_property PROGRAM.FILE {C:/Users/water/OneDrive/Documents/ECE-350/strum/strum/Strum/Strum.runs/impl_1/VGAController.bit} [get_hw_devices xc7a100t_0]
program_hw_devices [get_hw_devices xc7a100t_0]
INFO: [Labtools 27-3164] End of startup status: HIGH
refresh_hw_device [lindex [get_hw_devices xc7a100t_0] 0]
INFO: [Labtools 27-1434] Device xc7a100t (JTAG device index = 0) is programmed with a design that has no supported debug core(s) in it.
ERROR: [Labtoolstcl 44-513] HW Target shutdown. Closing target: localhost:3121/xilinx_tcf/Digilent/210292B065BFA
disconnect_hw_server localhost:3121
connect_hw_server -allow_non_jtag
INFO: [Labtools 27-2285] Connecting to hw_server url TCP:localhost:3121
INFO: [Labtools 27-3415] Connecting to cs_server url TCP:localhost:3042
INFO: [Labtools 27-3414] Connected to existing cs_server.
open_hw_target
INFO: [Labtoolstcl 44-466] Opening hw_target localhost:3121/xilinx_tcf/Digilent/210292B065BFA
ERROR: [Labtools 27-2269] No devices detected on target localhost:3121/xilinx_tcf/Digilent/210292B065BFA.
Check cable connectivity and that the target board is powered up then
use the disconnect_hw_server and connect_hw_server to re-register this hardware target.
ERROR: [Common 17-39] 'open_hw_target' failed due to earlier errors.
INFO: [Labtools 27-1435] Device xc7a100t (JTAG device index = 0) is not programmed (DONE status = 0).
WARNING: [Labtoolstcl 44-129] No matching hw_ila_data was found.
set_property PROBES.FILE {} [get_hw_devices xc7a100t_0]
set_property FULL_PROBES.FILE {} [get_hw_devices xc7a100t_0]
set_property PROGRAM.FILE {C:/Users/water/OneDrive/Documents/ECE-350/strum/strum/Strum/Strum.runs/impl_1/VGAController.bit} [get_hw_devices xc7a100t_0]
program_hw_devices [get_hw_devices xc7a100t_0]
INFO: [Labtools 27-3164] End of startup status: HIGH
refresh_hw_device [lindex [get_hw_devices xc7a100t_0] 0]
INFO: [Labtools 27-1434] Device xc7a100t (JTAG device index = 0) is programmed with a design that has no supported debug core(s) in it.
ERROR: [Labtoolstcl 44-513] HW Target shutdown. Closing target: localhost:3121/xilinx_tcf/Digilent/210292B065BFA
INFO: [Labtoolstcl 44-466] Opening hw_target localhost:3121/xilinx_tcf/Digilent/210292B065BFA
INFO: [Labtools 27-1435] Device xc7a100t (JTAG device index = 0) is not programmed (DONE status = 0).
WARNING: [Labtoolstcl 44-129] No matching hw_ila_data was found.
set_property PROBES.FILE {} [get_hw_devices xc7a100t_0]
set_property FULL_PROBES.FILE {} [get_hw_devices xc7a100t_0]
set_property PROGRAM.FILE {C:/Users/water/OneDrive/Documents/ECE-350/strum/strum/Strum/Strum.runs/impl_1/VGAController.bit} [get_hw_devices xc7a100t_0]
program_hw_devices [get_hw_devices xc7a100t_0]
INFO: [Labtools 27-3164] End of startup status: HIGH
refresh_hw_device [lindex [get_hw_devices xc7a100t_0] 0]
INFO: [Labtools 27-1434] Device xc7a100t (JTAG device index = 0) is programmed with a design that has no supported debug core(s) in it.
ERROR: [Labtoolstcl 44-513] HW Target shutdown. Closing target: localhost:3121/xilinx_tcf/Digilent/210292B065BFA
INFO: [Labtoolstcl 44-466] Opening hw_target localhost:3121/xilinx_tcf/Digilent/210292B065BFA
INFO: [Labtools 27-1435] Device xc7a100t (JTAG device index = 0) is not programmed (DONE status = 0).
WARNING: [Labtoolstcl 44-129] No matching hw_ila_data was found.
set_property PROBES.FILE {} [get_hw_devices xc7a100t_0]
set_property FULL_PROBES.FILE {} [get_hw_devices xc7a100t_0]
set_property PROGRAM.FILE {C:/Users/water/OneDrive/Documents/ECE-350/strum/strum/Strum/Strum.runs/impl_1/VGAController.bit} [get_hw_devices xc7a100t_0]
program_hw_devices [get_hw_devices xc7a100t_0]
INFO: [Labtools 27-3164] End of startup status: HIGH
refresh_hw_device [lindex [get_hw_devices xc7a100t_0] 0]
INFO: [Labtools 27-1434] Device xc7a100t (JTAG device index = 0) is programmed with a design that has no supported debug core(s) in it.
ERROR: [Labtoolstcl 44-513] HW Target shutdown. Closing target: localhost:3121/xilinx_tcf/Digilent/210292B065BFA
INFO: [Labtoolstcl 44-466] Opening hw_target localhost:3121/xilinx_tcf/Digilent/210292B065BFA
INFO: [Labtools 27-1435] Device xc7a100t (JTAG device index = 0) is not programmed (DONE status = 0).
WARNING: [Labtoolstcl 44-129] No matching hw_ila_data was found.
set_property PROBES.FILE {} [get_hw_devices xc7a100t_0]
set_property FULL_PROBES.FILE {} [get_hw_devices xc7a100t_0]
set_property PROGRAM.FILE {C:/Users/water/OneDrive/Documents/ECE-350/strum/strum/Strum/Strum.runs/impl_1/VGAController.bit} [get_hw_devices xc7a100t_0]
program_hw_devices [get_hw_devices xc7a100t_0]
INFO: [Labtools 27-3164] End of startup status: HIGH
refresh_hw_device [lindex [get_hw_devices xc7a100t_0] 0]
INFO: [Labtools 27-1434] Device xc7a100t (JTAG device index = 0) is programmed with a design that has no supported debug core(s) in it.
ERROR: [Labtoolstcl 44-513] HW Target shutdown. Closing target: localhost:3121/xilinx_tcf/Digilent/210292B065BFA
INFO: [Labtoolstcl 44-466] Opening hw_target localhost:3121/xilinx_tcf/Digilent/210292B065BFA
INFO: [Labtools 27-1435] Device xc7a100t (JTAG device index = 0) is not programmed (DONE status = 0).
WARNING: [Labtoolstcl 44-129] No matching hw_ila_data was found.
ERROR: [Labtoolstcl 44-513] HW Target shutdown. Closing target: localhost:3121/xilinx_tcf/Digilent/210292B065BFA
INFO: [Labtoolstcl 44-466] Opening hw_target localhost:3121/xilinx_tcf/Digilent/210292B065BFA
INFO: [Labtools 27-1435] Device xc7a100t (JTAG device index = 0) is not programmed (DONE status = 0).
WARNING: [Labtoolstcl 44-129] No matching hw_ila_data was found.
ERROR: [Labtoolstcl 44-513] HW Target shutdown. Closing target: localhost:3121/xilinx_tcf/Digilent/210292B065BFA
INFO: [Labtoolstcl 44-466] Opening hw_target localhost:3121/xilinx_tcf/Digilent/210292B065BFA
INFO: [Labtools 27-1435] Device xc7a100t (JTAG device index = 0) is not programmed (DONE status = 0).
WARNING: [Labtoolstcl 44-129] No matching hw_ila_data was found.
set_property PROBES.FILE {} [get_hw_devices xc7a100t_0]
set_property FULL_PROBES.FILE {} [get_hw_devices xc7a100t_0]
set_property PROGRAM.FILE {C:/Users/water/OneDrive/Documents/ECE-350/strum/strum/Strum/Strum.runs/impl_1/VGAController.bit} [get_hw_devices xc7a100t_0]
program_hw_devices [get_hw_devices xc7a100t_0]
INFO: [Labtools 27-3164] End of startup status: HIGH
refresh_hw_device [lindex [get_hw_devices xc7a100t_0] 0]
INFO: [Labtools 27-1434] Device xc7a100t (JTAG device index = 0) is programmed with a design that has no supported debug core(s) in it.
ERROR: [Labtoolstcl 44-513] HW Target shutdown. Closing target: localhost:3121/xilinx_tcf/Digilent/210292B065BFA
reset_run synth_1
launch_runs impl_1 -to_step write_bitstream
[Sun Apr 18 21:00:50 2021] Launched synth_1...
Run output will be captured here: C:/Users/water/OneDrive/Documents/ECE-350/strum/strum/Strum/Strum.runs/synth_1/runme.log
[Sun Apr 18 21:00:50 2021] Launched impl_1...
Run output will be captured here: C:/Users/water/OneDrive/Documents/ECE-350/strum/strum/Strum/Strum.runs/impl_1/runme.log
INFO: [Labtoolstcl 44-466] Opening hw_target localhost:3121/xilinx_tcf/Digilent/210292B065BFA
INFO: [Labtools 27-1435] Device xc7a100t (JTAG device index = 0) is not programmed (DONE status = 0).
WARNING: [Labtoolstcl 44-129] No matching hw_ila_data was found.
set_property PROBES.FILE {} [get_hw_devices xc7a100t_0]
set_property FULL_PROBES.FILE {} [get_hw_devices xc7a100t_0]
set_property PROGRAM.FILE {C:/Users/water/OneDrive/Documents/ECE-350/strum/strum/Strum/Strum.runs/impl_1/VGAController.bit} [get_hw_devices xc7a100t_0]
program_hw_devices [get_hw_devices xc7a100t_0]
INFO: [Labtools 27-3164] End of startup status: HIGH
refresh_hw_device [lindex [get_hw_devices xc7a100t_0] 0]
INFO: [Labtools 27-1434] Device xc7a100t (JTAG device index = 0) is programmed with a design that has no supported debug core(s) in it.
ERROR: [Labtoolstcl 44-513] HW Target shutdown. Closing target: localhost:3121/xilinx_tcf/Digilent/210292B065BFA
reset_run synth_1
launch_runs impl_1 -to_step write_bitstream
[Sun Apr 18 21:18:41 2021] Launched synth_1...
Run output will be captured here: C:/Users/water/OneDrive/Documents/ECE-350/strum/strum/Strum/Strum.runs/synth_1/runme.log
[Sun Apr 18 21:18:41 2021] Launched impl_1...
Run output will be captured here: C:/Users/water/OneDrive/Documents/ECE-350/strum/strum/Strum/Strum.runs/impl_1/runme.log
INFO: [Labtoolstcl 44-466] Opening hw_target localhost:3121/xilinx_tcf/Digilent/210292B065BFA
INFO: [Labtools 27-1435] Device xc7a100t (JTAG device index = 0) is not programmed (DONE status = 0).
WARNING: [Labtoolstcl 44-129] No matching hw_ila_data was found.
ERROR: [Labtoolstcl 44-513] HW Target shutdown. Closing target: localhost:3121/xilinx_tcf/Digilent/210292B065BFA
open_run impl_1
INFO: [Device 21-403] Loading part xc7a100tcsg324-1
Netlist sorting complete. Time (s): cpu = 00:00:00 ; elapsed = 00:00:00.195 . Memory (MB): peak = 2499.258 ; gain = 0.000
INFO: [Netlist 29-17] Analyzing 495 Unisim elements for replacement
INFO: [Netlist 29-28] Unisim Transformation completed in 1 CPU seconds
INFO: [Project 1-479] Netlist was created with Vivado 2020.1
INFO: [Project 1-570] Preparing netlist for logic optimization
INFO: [Timing 38-478] Restoring timing data from binary archive.
INFO: [Timing 38-479] Binary timing data restore complete.
INFO: [Project 1-856] Restoring constraints from binary archive.
INFO: [Project 1-853] Binary constraint restore complete.
Reading XDEF placement.
Reading placer database...
Reading XDEF routing.
Read XDEF File: Time (s): cpu = 00:00:02 ; elapsed = 00:00:01 . Memory (MB): peak = 3170.859 ; gain = 0.000
Restored from archive | CPU: 2.000000 secs | Memory: 0.000000 MB |
Finished XDEF File Restore: Time (s): cpu = 00:00:02 ; elapsed = 00:00:01 . Memory (MB): peak = 3170.859 ; gain = 0.000
Netlist sorting complete. Time (s): cpu = 00:00:00 ; elapsed = 00:00:00.006 . Memory (MB): peak = 3170.859 ; gain = 0.000
INFO: [Project 1-111] Unisim Transformation Summary:
No Unisim elements were transformed.

open_run: Time (s): cpu = 00:01:26 ; elapsed = 00:01:18 . Memory (MB): peak = 3316.336 ; gain = 1079.910
open_report: Time (s): cpu = 00:00:15 ; elapsed = 00:00:07 . Memory (MB): peak = 3389.203 ; gain = 63.605
WARNING: [Timing 38-313] There are no user specified timing constraints. Timing constraints are needed for proper timing analysis.
INFO: [Labtoolstcl 44-466] Opening hw_target localhost:3121/xilinx_tcf/Digilent/210292B065BFA
INFO: [Labtools 27-1435] Device xc7a100t (JTAG device index = 0) is not programmed (DONE status = 0).
WARNING: [Labtoolstcl 44-129] No matching hw_ila_data was found.
set_property PROBES.FILE {} [get_hw_devices xc7a100t_0]
set_property FULL_PROBES.FILE {} [get_hw_devices xc7a100t_0]
set_property PROGRAM.FILE {C:/Users/water/OneDrive/Documents/ECE-350/strum/strum/Strum/Strum.runs/impl_1/VGAController.bit} [get_hw_devices xc7a100t_0]
program_hw_devices [get_hw_devices xc7a100t_0]
INFO: [Labtools 27-3164] End of startup status: HIGH
refresh_hw_device [lindex [get_hw_devices xc7a100t_0] 0]
INFO: [Labtools 27-1434] Device xc7a100t (JTAG device index = 0) is programmed with a design that has no supported debug core(s) in it.
ERROR: [Labtoolstcl 44-513] HW Target shutdown. Closing target: localhost:3121/xilinx_tcf/Digilent/210292B065BFA
INFO: [Labtoolstcl 44-466] Opening hw_target localhost:3121/xilinx_tcf/Digilent/210292B065BFA
INFO: [Labtools 27-1435] Device xc7a100t (JTAG device index = 0) is not programmed (DONE status = 0).
WARNING: [Labtoolstcl 44-129] No matching hw_ila_data was found.
reset_run synth_1
launch_runs impl_1 -to_step write_bitstream
[Sun Apr 18 21:41:34 2021] Launched synth_1...
Run output will be captured here: C:/Users/water/OneDrive/Documents/ECE-350/strum/strum/Strum/Strum.runs/synth_1/runme.log
[Sun Apr 18 21:41:34 2021] Launched impl_1...
Run output will be captured here: C:/Users/water/OneDrive/Documents/ECE-350/strum/strum/Strum/Strum.runs/impl_1/runme.log
reset_run synth_1
WARNING: [Vivado 12-1017] Problems encountered:
1. PID not specified

launch_runs impl_1 -to_step write_bitstream
[Sun Apr 18 21:42:20 2021] Launched synth_1...
Run output will be captured here: C:/Users/water/OneDrive/Documents/ECE-350/strum/strum/Strum/Strum.runs/synth_1/runme.log
[Sun Apr 18 21:42:20 2021] Launched impl_1...
Run output will be captured here: C:/Users/water/OneDrive/Documents/ECE-350/strum/strum/Strum/Strum.runs/impl_1/runme.log
set_property PROBES.FILE {} [get_hw_devices xc7a100t_0]
set_property FULL_PROBES.FILE {} [get_hw_devices xc7a100t_0]
set_property PROGRAM.FILE {C:/Users/water/OneDrive/Documents/ECE-350/strum/strum/Strum/Strum.runs/impl_1/VGAController.bit} [get_hw_devices xc7a100t_0]
program_hw_devices [get_hw_devices xc7a100t_0]
INFO: [Labtools 27-3164] End of startup status: HIGH
refresh_hw_device [lindex [get_hw_devices xc7a100t_0] 0]
INFO: [Labtools 27-1434] Device xc7a100t (JTAG device index = 0) is programmed with a design that has no supported debug core(s) in it.
reset_run synth_1
launch_runs impl_1 -to_step write_bitstream
[Sun Apr 18 22:07:18 2021] Launched synth_1...
Run output will be captured here: C:/Users/water/OneDrive/Documents/ECE-350/strum/strum/Strum/Strum.runs/synth_1/runme.log
[Sun Apr 18 22:07:18 2021] Launched impl_1...
Run output will be captured here: C:/Users/water/OneDrive/Documents/ECE-350/strum/strum/Strum/Strum.runs/impl_1/runme.log
reset_run synth_1
WARNING: [Vivado 12-1017] Problems encountered:
1. Failed to delete one or more files in run directory C:/Users/water/OneDrive/Documents/ECE-350/strum/strum/Strum/Strum.runs/synth_1

launch_runs impl_1 -to_step write_bitstream
[Sun Apr 18 22:09:14 2021] Launched synth_1...
Run output will be captured here: C:/Users/water/OneDrive/Documents/ECE-350/strum/strum/Strum/Strum.runs/synth_1/runme.log
[Sun Apr 18 22:09:14 2021] Launched impl_1...
Run output will be captured here: C:/Users/water/OneDrive/Documents/ECE-350/strum/strum/Strum/Strum.runs/impl_1/runme.log
reset_run synth_1
launch_runs impl_1 -to_step write_bitstream
[Sun Apr 18 22:10:04 2021] Launched synth_1...
Run output will be captured here: C:/Users/water/OneDrive/Documents/ECE-350/strum/strum/Strum/Strum.runs/synth_1/runme.log
[Sun Apr 18 22:10:04 2021] Launched impl_1...
Run output will be captured here: C:/Users/water/OneDrive/Documents/ECE-350/strum/strum/Strum/Strum.runs/impl_1/runme.log
set_property PROBES.FILE {} [get_hw_devices xc7a100t_0]
set_property FULL_PROBES.FILE {} [get_hw_devices xc7a100t_0]
set_property PROGRAM.FILE {C:/Users/water/OneDrive/Documents/ECE-350/strum/strum/Strum/Strum.runs/impl_1/VGAController.bit} [get_hw_devices xc7a100t_0]
program_hw_devices [get_hw_devices xc7a100t_0]
INFO: [Labtools 27-3164] End of startup status: HIGH
refresh_hw_device [lindex [get_hw_devices xc7a100t_0] 0]
INFO: [Labtools 27-1434] Device xc7a100t (JTAG device index = 0) is programmed with a design that has no supported debug core(s) in it.
reset_run synth_1
launch_runs impl_1 -to_step write_bitstream
[Sun Apr 18 22:30:34 2021] Launched synth_1...
Run output will be captured here: C:/Users/water/OneDrive/Documents/ECE-350/strum/strum/Strum/Strum.runs/synth_1/runme.log
[Sun Apr 18 22:30:34 2021] Launched impl_1...
Run output will be captured here: C:/Users/water/OneDrive/Documents/ECE-350/strum/strum/Strum/Strum.runs/impl_1/runme.log
set_property PROBES.FILE {} [get_hw_devices xc7a100t_0]
set_property FULL_PROBES.FILE {} [get_hw_devices xc7a100t_0]
set_property PROGRAM.FILE {C:/Users/water/OneDrive/Documents/ECE-350/strum/strum/Strum/Strum.runs/impl_1/VGAController.bit} [get_hw_devices xc7a100t_0]
program_hw_devices [get_hw_devices xc7a100t_0]
INFO: [Labtools 27-3164] End of startup status: HIGH
refresh_hw_device [lindex [get_hw_devices xc7a100t_0] 0]
INFO: [Labtools 27-1434] Device xc7a100t (JTAG device index = 0) is programmed with a design that has no supported debug core(s) in it.
reset_run synth_1
launch_runs impl_1 -to_step write_bitstream
[Sun Apr 18 22:45:30 2021] Launched synth_1...
Run output will be captured here: C:/Users/water/OneDrive/Documents/ECE-350/strum/strum/Strum/Strum.runs/synth_1/runme.log
[Sun Apr 18 22:45:30 2021] Launched impl_1...
Run output will be captured here: C:/Users/water/OneDrive/Documents/ECE-350/strum/strum/Strum/Strum.runs/impl_1/runme.log
reset_run synth_1
WARNING: [Vivado 12-1017] Problems encountered:
1. Failed to delete one or more files in run directory C:/Users/water/OneDrive/Documents/ECE-350/strum/strum/Strum/Strum.runs/synth_1

launch_runs impl_1 -to_step write_bitstream
[Sun Apr 18 22:46:57 2021] Launched synth_1...
Run output will be captured here: C:/Users/water/OneDrive/Documents/ECE-350/strum/strum/Strum/Strum.runs/synth_1/runme.log
[Sun Apr 18 22:46:57 2021] Launched impl_1...
Run output will be captured here: C:/Users/water/OneDrive/Documents/ECE-350/strum/strum/Strum/Strum.runs/impl_1/runme.log
set_property PROBES.FILE {} [get_hw_devices xc7a100t_0]
set_property FULL_PROBES.FILE {} [get_hw_devices xc7a100t_0]
set_property PROGRAM.FILE {C:/Users/water/OneDrive/Documents/ECE-350/strum/strum/Strum/Strum.runs/impl_1/VGAController.bit} [get_hw_devices xc7a100t_0]
program_hw_devices [get_hw_devices xc7a100t_0]
INFO: [Labtools 27-3164] End of startup status: HIGH
refresh_hw_device [lindex [get_hw_devices xc7a100t_0] 0]
INFO: [Labtools 27-1434] Device xc7a100t (JTAG device index = 0) is programmed with a design that has no supported debug core(s) in it.
reset_run synth_1
launch_runs impl_1 -to_step write_bitstream
[Sun Apr 18 23:11:16 2021] Launched synth_1...
Run output will be captured here: C:/Users/water/OneDrive/Documents/ECE-350/strum/strum/Strum/Strum.runs/synth_1/runme.log
[Sun Apr 18 23:11:16 2021] Launched impl_1...
Run output will be captured here: C:/Users/water/OneDrive/Documents/ECE-350/strum/strum/Strum/Strum.runs/impl_1/runme.log
set_property PROBES.FILE {} [get_hw_devices xc7a100t_0]
set_property FULL_PROBES.FILE {} [get_hw_devices xc7a100t_0]
set_property PROGRAM.FILE {C:/Users/water/OneDrive/Documents/ECE-350/strum/strum/Strum/Strum.runs/impl_1/VGAController.bit} [get_hw_devices xc7a100t_0]
program_hw_devices [get_hw_devices xc7a100t_0]
INFO: [Labtools 27-3164] End of startup status: HIGH
refresh_hw_device [lindex [get_hw_devices xc7a100t_0] 0]
INFO: [Labtools 27-1434] Device xc7a100t (JTAG device index = 0) is programmed with a design that has no supported debug core(s) in it.
reset_run synth_1
launch_runs impl_1 -to_step write_bitstream
[Sun Apr 18 23:44:10 2021] Launched synth_1...
Run output will be captured here: C:/Users/water/OneDrive/Documents/ECE-350/strum/strum/Strum/Strum.runs/synth_1/runme.log
[Sun Apr 18 23:44:10 2021] Launched impl_1...
Run output will be captured here: C:/Users/water/OneDrive/Documents/ECE-350/strum/strum/Strum/Strum.runs/impl_1/runme.log
set_property PROBES.FILE {} [get_hw_devices xc7a100t_0]
set_property FULL_PROBES.FILE {} [get_hw_devices xc7a100t_0]
set_property PROGRAM.FILE {C:/Users/water/OneDrive/Documents/ECE-350/strum/strum/Strum/Strum.runs/impl_1/VGAController.bit} [get_hw_devices xc7a100t_0]
program_hw_devices [get_hw_devices xc7a100t_0]
INFO: [Labtools 27-3164] End of startup status: HIGH
refresh_hw_device [lindex [get_hw_devices xc7a100t_0] 0]
INFO: [Labtools 27-1434] Device xc7a100t (JTAG device index = 0) is programmed with a design that has no supported debug core(s) in it.
reset_run synth_1
launch_runs impl_1 -to_step write_bitstream
[Sun Apr 18 23:55:14 2021] Launched synth_1...
Run output will be captured here: C:/Users/water/OneDrive/Documents/ECE-350/strum/strum/Strum/Strum.runs/synth_1/runme.log
[Sun Apr 18 23:55:14 2021] Launched impl_1...
Run output will be captured here: C:/Users/water/OneDrive/Documents/ECE-350/strum/strum/Strum/Strum.runs/impl_1/runme.log
set_property PROBES.FILE {} [get_hw_devices xc7a100t_0]
set_property FULL_PROBES.FILE {} [get_hw_devices xc7a100t_0]
set_property PROGRAM.FILE {C:/Users/water/OneDrive/Documents/ECE-350/strum/strum/Strum/Strum.runs/impl_1/VGAController.bit} [get_hw_devices xc7a100t_0]
program_hw_devices [get_hw_devices xc7a100t_0]
INFO: [Labtools 27-3164] End of startup status: HIGH
refresh_hw_device [lindex [get_hw_devices xc7a100t_0] 0]
INFO: [Labtools 27-1434] Device xc7a100t (JTAG device index = 0) is programmed with a design that has no supported debug core(s) in it.
reset_run synth_1
launch_runs impl_1 -to_step write_bitstream
[Mon Apr 19 00:09:39 2021] Launched synth_1...
Run output will be captured here: C:/Users/water/OneDrive/Documents/ECE-350/strum/strum/Strum/Strum.runs/synth_1/runme.log
[Mon Apr 19 00:09:39 2021] Launched impl_1...
Run output will be captured here: C:/Users/water/OneDrive/Documents/ECE-350/strum/strum/Strum/Strum.runs/impl_1/runme.log
reset_run synth_1
launch_runs impl_1 -to_step write_bitstream
[Mon Apr 19 00:13:48 2021] Launched synth_1...
Run output will be captured here: C:/Users/water/OneDrive/Documents/ECE-350/strum/strum/Strum/Strum.runs/synth_1/runme.log
[Mon Apr 19 00:13:48 2021] Launched impl_1...
Run output will be captured here: C:/Users/water/OneDrive/Documents/ECE-350/strum/strum/Strum/Strum.runs/impl_1/runme.log
reset_run synth_1
WARNING: [Vivado 12-1017] Problems encountered:
1. Failed to delete one or more files in run directory C:/Users/water/OneDrive/Documents/ECE-350/strum/strum/Strum/Strum.runs/synth_1

launch_runs impl_1 -to_step write_bitstream
[Mon Apr 19 00:16:11 2021] Launched synth_1...
Run output will be captured here: C:/Users/water/OneDrive/Documents/ECE-350/strum/strum/Strum/Strum.runs/synth_1/runme.log
[Mon Apr 19 00:16:11 2021] Launched impl_1...
Run output will be captured here: C:/Users/water/OneDrive/Documents/ECE-350/strum/strum/Strum/Strum.runs/impl_1/runme.log
set_property PROBES.FILE {} [get_hw_devices xc7a100t_0]
set_property FULL_PROBES.FILE {} [get_hw_devices xc7a100t_0]
set_property PROGRAM.FILE {C:/Users/water/OneDrive/Documents/ECE-350/strum/strum/Strum/Strum.runs/impl_1/VGAController.bit} [get_hw_devices xc7a100t_0]
program_hw_devices [get_hw_devices xc7a100t_0]
INFO: [Labtools 27-3164] End of startup status: HIGH
refresh_hw_device [lindex [get_hw_devices xc7a100t_0] 0]
INFO: [Labtools 27-1434] Device xc7a100t (JTAG device index = 0) is programmed with a design that has no supported debug core(s) in it.
reset_run synth_1
launch_runs impl_1 -to_step write_bitstream
[Mon Apr 19 00:31:05 2021] Launched synth_1...
Run output will be captured here: C:/Users/water/OneDrive/Documents/ECE-350/strum/strum/Strum/Strum.runs/synth_1/runme.log
[Mon Apr 19 00:31:05 2021] Launched impl_1...
Run output will be captured here: C:/Users/water/OneDrive/Documents/ECE-350/strum/strum/Strum/Strum.runs/impl_1/runme.log
set_property PROBES.FILE {} [get_hw_devices xc7a100t_0]
set_property FULL_PROBES.FILE {} [get_hw_devices xc7a100t_0]
set_property PROGRAM.FILE {C:/Users/water/OneDrive/Documents/ECE-350/strum/strum/Strum/Strum.runs/impl_1/VGAController.bit} [get_hw_devices xc7a100t_0]
program_hw_devices [get_hw_devices xc7a100t_0]
INFO: [Labtools 27-3164] End of startup status: HIGH
refresh_hw_device [lindex [get_hw_devices xc7a100t_0] 0]
INFO: [Labtools 27-1434] Device xc7a100t (JTAG device index = 0) is programmed with a design that has no supported debug core(s) in it.
ERROR: [Labtoolstcl 44-513] HW Target shutdown. Closing target: localhost:3121/xilinx_tcf/Digilent/210292B065BFA
INFO: [Labtoolstcl 44-466] Opening hw_target localhost:3121/xilinx_tcf/Digilent/210292B065BFA
ERROR: [Labtools 27-2312] Device xc7a100t_0 is no longer available.
Check cable connectivity and that the target board is powered up then
use the disconnect_hw_server and connect_hw_server to re-initialize the hardware target.
Use open_hw_target to re-register the hardware device.
WARNING: [Labtoolstcl 44-129] No matching hw_ila_data was found.
ERROR: [Labtoolstcl 44-513] HW Target shutdown. Closing target: localhost:3121/xilinx_tcf/Digilent/210292B065BFA
